#
# There is insufficient memory for the Java Runtime Environment to continue.
# Native memory allocation (mmap) failed to map 14680064 bytes. Error detail: G1 virtual space
# Possible reasons:
#   The system is out of physical RAM or swap space
#   This process is running with CompressedOops enabled, and the Java Heap may be blocking the growth of the native heap
# Possible solutions:
#   Reduce memory load on the system
#   Increase physical memory or swap space
#   Check if swap backing store is full
#   Decrease Java heap size (-Xmx/-Xms)
#   Decrease number of Java threads
#   Decrease Java thread stack sizes (-Xss)
#   Set larger code cache with -XX:ReservedCodeCacheSize=
#   JVM is running with Unscaled Compressed Oops mode in which the Java heap is
#     placed in the first 4GB address space. The Java Heap base address is the
#     maximum limit for the native heap growth. Please use -XX:HeapBaseMinAddress
#     to set the Java Heap base and to place the Java Heap above 4GB virtual address.
# This output file may be truncated or incomplete.
#
#  Out of Memory Error (os_windows.cpp:3618), pid=29944, tid=22544
#
# JRE version: OpenJDK Runtime Environment Temurin-17.0.16+8 (17.0.16+8) (build 17.0.16+8)
# Java VM: OpenJDK 64-Bit Server VM Temurin-17.0.16+8 (17.0.16+8, mixed mode, emulated-client, sharing, tiered, compressed oops, compressed class ptrs, g1 gc, windows-amd64)
# No core dump will be written. Minidumps are not enabled by default on client versions of Windows
#

---------------  S U M M A R Y ------------

Command Line: -XX:TieredStopAtLevel=1 -Dspring.output.ansi.enabled=always -Dcom.sun.management.jmxremote -Dspring.jmx.enabled=true -Dspring.liveBeansView.mbeanDomain -Dspring.application.admin.enabled=true -Dmanagement.endpoints.jmx.exposure.include=* -javaagent:C:\Program Files\JetBrains\IntelliJ IDEA 2025.1.4.1\lib\idea_rt.jar=62155 -Dfile.encoding=UTF-8 com.my.modong_prac.ModongPracApplication

Host: 11th Gen Intel(R) Core(TM) i5-1135G7 @ 2.40GHz, 8 cores, 7G,  Windows 11 , 64 bit Build 26100 (10.0.26100.4768)
Time: Sun Aug 24 20:22:53 2025  Windows 11 , 64 bit Build 26100 (10.0.26100.4768) elapsed time: 15.699280 seconds (0d 0h 0m 15s)

---------------  T H R E A D  ---------------

Current thread (0x0000021c24c32e40):  VMThread "VM Thread" [stack: 0x000000b377d00000,0x000000b377e00000] [id=22544]

Stack: [0x000000b377d00000,0x000000b377e00000]
Native frames: (J=compiled Java code, j=interpreted, Vv=VM code, C=native code)
V  [jvm.dll+0x683169]
V  [jvm.dll+0x839ac8]
V  [jvm.dll+0x83b573]
V  [jvm.dll+0x83bbe3]
V  [jvm.dll+0x2473ff]
V  [jvm.dll+0x67ff49]
V  [jvm.dll+0x674e3a]
V  [jvm.dll+0x304ea6]
V  [jvm.dll+0x30c366]
V  [jvm.dll+0x35deee]
V  [jvm.dll+0x35e12d]
V  [jvm.dll+0x2dc26c]
V  [jvm.dll+0x2df286]
V  [jvm.dll+0x2e99ac]
V  [jvm.dll+0x31d7cd]
V  [jvm.dll+0x84041d]
V  [jvm.dll+0x841153]
V  [jvm.dll+0x84167f]
V  [jvm.dll+0x841a64]
V  [jvm.dll+0x841b2e]
V  [jvm.dll+0x7e979c]
V  [jvm.dll+0x682047]
C  [ucrtbase.dll+0x37b0]
C  [KERNEL32.DLL+0x2e8d7]
C  [ntdll.dll+0x3c34c]

VM_Operation (0x000000b3779ff560): G1PauseRemark, mode: safepoint, requested by thread 0x0000021c12d9a980


---------------  P R O C E S S  ---------------

Threads class SMR info:
_java_thread_list=0x0000021c6cec6af0, length=25, elements={
0x0000021c12d33510, 0x0000021c24c38be0, 0x0000021c24c3a110, 0x0000021c24c56590,
0x0000021c24c56e60, 0x0000021c24c58390, 0x0000021c24c5a8d0, 0x0000021c24c5beb0,
0x0000021c24c60ec0, 0x0000021c24c7d9e0, 0x0000021c24c23d10, 0x0000021c6a79c8a0,
0x0000021c6a79d180, 0x0000021c6a888140, 0x0000021c6a943470, 0x0000021c6a9879d0,
0x0000021c6a987eb0, 0x0000021c6ab93b20, 0x0000021c6b3abd90, 0x0000021c6b5622c0,
0x0000021c6ab94030, 0x0000021c6ab95470, 0x0000021c6ab91cc0, 0x0000021c6ab921d0,
0x0000021c6ab926e0
}

Java Threads: ( => current thread )
  0x0000021c12d33510 JavaThread "main" [_thread_blocked, id=21296, stack(0x000000b377700000,0x000000b377800000)]
  0x0000021c24c38be0 JavaThread "Reference Handler" daemon [_thread_blocked, id=16128, stack(0x000000b377e00000,0x000000b377f00000)]
  0x0000021c24c3a110 JavaThread "Finalizer" daemon [_thread_blocked, id=19544, stack(0x000000b377f00000,0x000000b378000000)]
  0x0000021c24c56590 JavaThread "Signal Dispatcher" daemon [_thread_blocked, id=26448, stack(0x000000b378000000,0x000000b378100000)]
  0x0000021c24c56e60 JavaThread "Attach Listener" daemon [_thread_blocked, id=36256, stack(0x000000b378100000,0x000000b378200000)]
  0x0000021c24c58390 JavaThread "Service Thread" daemon [_thread_blocked, id=36516, stack(0x000000b378200000,0x000000b378300000)]
  0x0000021c24c5a8d0 JavaThread "Monitor Deflation Thread" daemon [_thread_blocked, id=33320, stack(0x000000b378300000,0x000000b378400000)]
  0x0000021c24c5beb0 JavaThread "C1 CompilerThread0" daemon [_thread_blocked, id=12488, stack(0x000000b378400000,0x000000b378500000)]
  0x0000021c24c60ec0 JavaThread "Sweeper thread" daemon [_thread_blocked, id=10256, stack(0x000000b378500000,0x000000b378600000)]
  0x0000021c24c7d9e0 JavaThread "C1 CompilerThread1" daemon [_thread_blocked, id=21980, stack(0x000000b378600000,0x000000b378700000)]
  0x0000021c24c23d10 JavaThread "Common-Cleaner" daemon [_thread_blocked, id=22204, stack(0x000000b378700000,0x000000b378800000)]
  0x0000021c6a79c8a0 JavaThread "Monitor Ctrl-Break" daemon [_thread_in_native, id=29604, stack(0x000000b378900000,0x000000b378a00000)]
  0x0000021c6a79d180 JavaThread "Notification Thread" daemon [_thread_blocked, id=29180, stack(0x000000b378800000,0x000000b378900000)]
  0x0000021c6a888140 JavaThread "RMI TCP Accept-0" daemon [_thread_in_native, id=27948, stack(0x000000b378a00000,0x000000b378b00000)]
  0x0000021c6a943470 JavaThread "RMI TCP Connection(1)-172.20.10.3" daemon [_thread_blocked, id=17196, stack(0x000000b378c00000,0x000000b378d00000)]
  0x0000021c6a9879d0 JavaThread "RMI TCP Connection(2)-172.20.10.3" daemon [_thread_blocked, id=11152, stack(0x000000b378e00000,0x000000b378f00000)]
  0x0000021c6a987eb0 JavaThread "RMI Scheduler(0)" daemon [_thread_blocked, id=9276, stack(0x000000b378f00000,0x000000b379000000)]
  0x0000021c6ab93b20 JavaThread "JMX server connection timeout 22" daemon [_thread_blocked, id=8384, stack(0x000000b379000000,0x000000b379100000)]
  0x0000021c6b3abd90 JavaThread "C1 CompilerThread2" daemon [_thread_blocked, id=4180, stack(0x000000b379800000,0x000000b379900000)]
  0x0000021c6b5622c0 JavaThread "C1 CompilerThread3" daemon [_thread_blocked, id=22624, stack(0x000000b379a00000,0x000000b379b00000)]
  0x0000021c6ab94030 JavaThread "Catalina-utility-1" [_thread_blocked, id=30904, stack(0x000000b379b00000,0x000000b379c00000)]
  0x0000021c6ab95470 JavaThread "Catalina-utility-2" [_thread_blocked, id=28584, stack(0x000000b379c00000,0x000000b379d00000)]
  0x0000021c6ab91cc0 JavaThread "container-0" [_thread_blocked, id=33500, stack(0x000000b379d00000,0x000000b379e00000)]
  0x0000021c6ab921d0 JavaThread "HikariPool-1 housekeeper" daemon [_thread_blocked, id=29160, stack(0x000000b379f00000,0x000000b37a000000)]
  0x0000021c6ab926e0 JavaThread "HikariPool-1 connection adder" daemon [_thread_blocked, id=25608, stack(0x000000b37a000000,0x000000b37a100000)]

Other Threads:
=>0x0000021c24c32e40 VMThread "VM Thread" [stack: 0x000000b377d00000,0x000000b377e00000] [id=22544]
  0x0000021c12d345a0 WatcherThread [stack: 0x000000b378b00000,0x000000b378c00000] [id=33888]
  0x0000021c12d8ac00 GCTaskThread "GC Thread#0" [stack: 0x000000b377800000,0x000000b377900000] [id=28648]
  0x0000021c6af60680 GCTaskThread "GC Thread#1" [stack: 0x000000b378d00000,0x000000b378e00000] [id=31612]
  0x0000021c6af904a0 GCTaskThread "GC Thread#2" [stack: 0x000000b379100000,0x000000b379200000] [id=19196]
  0x0000021c6af928e0 GCTaskThread "GC Thread#3" [stack: 0x000000b379200000,0x000000b379300000] [id=4780]
  0x0000021c6af92ba0 GCTaskThread "GC Thread#4" [stack: 0x000000b379300000,0x000000b379400000] [id=32716]
  0x0000021c6afa2e70 GCTaskThread "GC Thread#5" [stack: 0x000000b379400000,0x000000b379500000] [id=11796]
  0x0000021c6afb3140 GCTaskThread "GC Thread#6" [stack: 0x000000b379500000,0x000000b379600000] [id=30832]
  0x0000021c6afb3450 GCTaskThread "GC Thread#7" [stack: 0x000000b379600000,0x000000b379700000] [id=34420]
  0x0000021c12d9a980 ConcurrentGCThread "G1 Main Marker" [stack: 0x000000b377900000,0x000000b377a00000] [id=24692]
  0x0000021c10c1d830 ConcurrentGCThread "G1 Conc#0" [stack: 0x000000b377a00000,0x000000b377b00000] [id=8092]
  0x0000021c6afb39d0 ConcurrentGCThread "G1 Conc#1" [stack: 0x000000b379900000,0x000000b379a00000] [id=24880]
  0x0000021c12dbebf0 ConcurrentGCThread "G1 Refine#0" [stack: 0x000000b377b00000,0x000000b377c00000] [id=20824]
  0x0000021c6a1e5eb0 ConcurrentGCThread "G1 Refine#1" [stack: 0x000000b379700000,0x000000b379800000] [id=29136]
  0x0000021c6cde80a0 ConcurrentGCThread "G1 Refine#2" [stack: 0x000000b37a100000,0x000000b37a200000] [id=32516]
  0x0000021c6ce28120 ConcurrentGCThread "G1 Refine#3" [stack: 0x000000b37a200000,0x000000b37a300000] [id=12192]
  0x0000021c6bacaaa0 ConcurrentGCThread "G1 Refine#4" [stack: 0x000000b37a300000,0x000000b37a400000] [id=34668]
  0x0000021c6bf0ecc0 ConcurrentGCThread "G1 Refine#5" [stack: 0x000000b37a400000,0x000000b37a500000] [id=20820]
  0x0000021c24add9f0 ConcurrentGCThread "G1 Service" [stack: 0x000000b377c00000,0x000000b377d00000] [id=32216]

Threads with active compile tasks:

VM state: at safepoint (normal execution)

VM Mutex/Monitor currently owned by a thread:  ([mutex/lock_event])
[0x0000021c12d2e660] Threads_lock - owner thread: 0x0000021c24c32e40
[0x0000021c12d2e030] Heap_lock - owner thread: 0x0000021c12d9a980

Heap address: 0x0000000085000000, size: 1968 MB, Compressed Oops mode: 32-bit

CDS archive(s) mapped at: [0x0000021c25000000-0x0000021c25bb0000-0x0000021c25bb0000), size 12255232, SharedBaseAddress: 0x0000021c25000000, ArchiveRelocationMode: 1.
Compressed class space mapped at: 0x0000021c26000000-0x0000021c66000000, reserved size: 1073741824
Narrow klass base: 0x0000021c25000000, Narrow klass shift: 0, Narrow klass range: 0x100000000

GC Precious Log:
 CPUs: 8 total, 8 available
 Memory: 7865M
 Large Page Support: Disabled
 NUMA Support: Disabled
 Compressed Oops: Enabled (32-bit)
 Heap Region Size: 1M
 Heap Min Capacity: 8M
 Heap Initial Capacity: 124M
 Heap Max Capacity: 1968M
 Pre-touch: Disabled
 Parallel Workers: 8
 Concurrent Workers: 2
 Concurrent Refinement Workers: 8
 Periodic GC: Disabled

Heap:
 garbage-first heap   total 75776K, used 54328K [0x0000000085000000, 0x0000000100000000)
  region size 1024K, 8 young (8192K), 3 survivors (3072K)
 Metaspace       used 63380K, committed 64000K, reserved 1114112K
  class space    used 9028K, committed 9344K, reserved 1048576K

Heap Regions: E=young(eden), S=young(survivor), O=old, HS=humongous(starts), HC=humongous(continues), CS=collection set, F=free, OA=open archive, CA=closed archive, TAMS=top-at-mark-start (previous, next)
|   0|0x0000000085000000, 0x0000000085100000, 0x0000000085100000|100%|HS|  |TAMS 0x0000000085100000, 0x0000000085000000| Complete 
|   1|0x0000000085100000, 0x0000000085200000, 0x0000000085200000|100%| O|  |TAMS 0x0000000085200000, 0x0000000085100000| Untracked 
|   2|0x0000000085200000, 0x0000000085300000, 0x0000000085300000|100%| O|  |TAMS 0x0000000085300000, 0x0000000085200000| Untracked 
|   3|0x0000000085300000, 0x0000000085400000, 0x0000000085400000|100%| O|  |TAMS 0x0000000085400000, 0x0000000085300000| Untracked 
|   4|0x0000000085400000, 0x0000000085500000, 0x0000000085500000|100%| O|  |TAMS 0x0000000085500000, 0x0000000085400000| Untracked 
|   5|0x0000000085500000, 0x0000000085600000, 0x0000000085600000|100%| O|  |TAMS 0x0000000085600000, 0x0000000085500000| Untracked 
|   6|0x0000000085600000, 0x0000000085700000, 0x0000000085700000|100%| O|  |TAMS 0x0000000085700000, 0x0000000085600000| Untracked 
|   7|0x0000000085700000, 0x0000000085800000, 0x0000000085800000|100%| O|  |TAMS 0x0000000085800000, 0x0000000085700000| Updating 
|   8|0x0000000085800000, 0x0000000085900000, 0x0000000085900000|100%| O|  |TAMS 0x0000000085900000, 0x0000000085800000| Untracked 
|   9|0x0000000085900000, 0x000000008599d000, 0x0000000085a00000| 61%| O|  |TAMS 0x000000008599d000, 0x0000000085900000| Updating 
|  10|0x0000000085a00000, 0x0000000085b00000, 0x0000000085b00000|100%| O|  |TAMS 0x0000000085b00000, 0x0000000085a00000| Untracked 
|  11|0x0000000085b00000, 0x0000000085c00000, 0x0000000085c00000|100%| O|  |TAMS 0x0000000085c00000, 0x0000000085b00000| Untracked 
|  12|0x0000000085c00000, 0x0000000085d00000, 0x0000000085d00000|100%| O|  |TAMS 0x0000000085d00000, 0x0000000085c00000| Untracked 
|  13|0x0000000085d00000, 0x0000000085e00000, 0x0000000085e00000|100%| O|  |TAMS 0x0000000085e00000, 0x0000000085d00000| Untracked 
|  14|0x0000000085e00000, 0x0000000085f00000, 0x0000000085f00000|100%| O|  |TAMS 0x0000000085f00000, 0x0000000085e00000| Untracked 
|  15|0x0000000085f00000, 0x0000000086000000, 0x0000000086000000|100%| O|  |TAMS 0x0000000086000000, 0x0000000085f00000| Untracked 
|  16|0x0000000086000000, 0x0000000086100000, 0x0000000086100000|100%| O|  |TAMS 0x0000000086100000, 0x0000000086000000| Untracked 
|  17|0x0000000086100000, 0x0000000086200000, 0x0000000086200000|100%| O|  |TAMS 0x0000000086200000, 0x0000000086100000| Updating 
|  18|0x0000000086200000, 0x0000000086300000, 0x0000000086300000|100%| O|  |TAMS 0x0000000086300000, 0x0000000086200000| Updating 
|  19|0x0000000086300000, 0x0000000086400000, 0x0000000086400000|100%| O|  |TAMS 0x0000000086400000, 0x0000000086300000| Untracked 
|  20|0x0000000086400000, 0x0000000086500000, 0x0000000086500000|100%| O|  |TAMS 0x0000000086500000, 0x0000000086400000| Updating 
|  21|0x0000000086500000, 0x0000000086600000, 0x0000000086600000|100%| O|  |TAMS 0x0000000086600000, 0x0000000086500000| Untracked 
|  22|0x0000000086600000, 0x0000000086700000, 0x0000000086700000|100%| O|  |TAMS 0x0000000086700000, 0x0000000086600000| Untracked 
|  23|0x0000000086700000, 0x0000000086800000, 0x0000000086800000|100%| O|  |TAMS 0x0000000086800000, 0x0000000086700000| Untracked 
|  24|0x0000000086800000, 0x0000000086900000, 0x0000000086900000|100%| O|  |TAMS 0x0000000086900000, 0x0000000086800000| Untracked 
|  25|0x0000000086900000, 0x0000000086a00000, 0x0000000086a00000|100%| O|  |TAMS 0x0000000086a00000, 0x0000000086900000| Untracked 
|  26|0x0000000086a00000, 0x0000000086b00000, 0x0000000086b00000|100%| O|  |TAMS 0x0000000086b00000, 0x0000000086a00000| Untracked 
|  27|0x0000000086b00000, 0x0000000086c00000, 0x0000000086c00000|100%| O|  |TAMS 0x0000000086b00000, 0x0000000086b00000| Untracked 
|  28|0x0000000086c00000, 0x0000000086c00000, 0x0000000086d00000|  0%| F|  |TAMS 0x0000000086c00000, 0x0000000086c00000| Untracked 
|  29|0x0000000086d00000, 0x0000000086e00000, 0x0000000086e00000|100%| O|  |TAMS 0x0000000086e00000, 0x0000000086d00000| Untracked 
|  30|0x0000000086e00000, 0x0000000086f00000, 0x0000000086f00000|100%| O|  |TAMS 0x0000000086f00000, 0x0000000086e00000| Untracked 
|  31|0x0000000086f00000, 0x0000000087000000, 0x0000000087000000|100%| O|  |TAMS 0x0000000087000000, 0x0000000086f00000| Untracked 
|  32|0x0000000087000000, 0x0000000087100000, 0x0000000087100000|100%| O|  |TAMS 0x00000000870a9a00, 0x0000000087000000| Untracked 
|  33|0x0000000087100000, 0x0000000087200000, 0x0000000087200000|100%|HS|  |TAMS 0x0000000087200000, 0x0000000087100000| Complete 
|  34|0x0000000087200000, 0x0000000087300000, 0x0000000087300000|100%|HC|  |TAMS 0x0000000087300000, 0x0000000087200000| Complete 
|  35|0x0000000087300000, 0x0000000087400000, 0x0000000087400000|100%| O|  |TAMS 0x0000000087300000, 0x0000000087300000| Untracked 
|  36|0x0000000087400000, 0x0000000087500000, 0x0000000087500000|100%|HS|  |TAMS 0x0000000087400000, 0x0000000087400000| Complete 
|  37|0x0000000087500000, 0x0000000087600000, 0x0000000087600000|100%|HS|  |TAMS 0x0000000087500000, 0x0000000087500000| Complete 
|  38|0x0000000087600000, 0x0000000087700000, 0x0000000087700000|100%|HC|  |TAMS 0x0000000087600000, 0x0000000087600000| Complete 
|  39|0x0000000087700000, 0x0000000087700000, 0x0000000087800000|  0%| F|  |TAMS 0x0000000087700000, 0x0000000087700000| Untracked 
|  40|0x0000000087800000, 0x0000000087900000, 0x0000000087900000|100%| O|  |TAMS 0x0000000087800000, 0x0000000087800000| Untracked 
|  41|0x0000000087900000, 0x0000000087a00000, 0x0000000087a00000|100%| O|  |TAMS 0x0000000087900000, 0x0000000087900000| Untracked 
|  42|0x0000000087a00000, 0x0000000087b00000, 0x0000000087b00000|100%| O|  |TAMS 0x0000000087a00000, 0x0000000087a00000| Untracked 
|  43|0x0000000087b00000, 0x0000000087c00000, 0x0000000087c00000|100%| O|  |TAMS 0x0000000087b00000, 0x0000000087b00000| Untracked 
|  44|0x0000000087c00000, 0x0000000087d00000, 0x0000000087d00000|100%| O|  |TAMS 0x0000000087c00000, 0x0000000087c00000| Untracked 
|  45|0x0000000087d00000, 0x0000000087e00000, 0x0000000087e00000|100%| O|  |TAMS 0x0000000087d00000, 0x0000000087d00000| Untracked 
|  46|0x0000000087e00000, 0x0000000087f00000, 0x0000000087f00000|100%| O|  |TAMS 0x0000000087e00000, 0x0000000087e00000| Untracked 
|  47|0x0000000087f00000, 0x0000000088000000, 0x0000000088000000|100%| O|  |TAMS 0x0000000087f00000, 0x0000000087f00000| Untracked 
|  48|0x0000000088000000, 0x0000000088071000, 0x0000000088100000| 44%| O|  |TAMS 0x0000000088000000, 0x0000000088000000| Updating 
|  49|0x0000000088100000, 0x0000000088100000, 0x0000000088200000|  0%| F|  |TAMS 0x0000000088100000, 0x0000000088100000| Untracked 
|  50|0x0000000088200000, 0x0000000088200000, 0x0000000088300000|  0%| F|  |TAMS 0x0000000088200000, 0x0000000088200000| Untracked 
|  51|0x0000000088300000, 0x0000000088400000, 0x0000000088400000|100%| S|CS|TAMS 0x0000000088300000, 0x0000000088300000| Complete 
|  52|0x0000000088400000, 0x0000000088500000, 0x0000000088500000|100%| S|CS|TAMS 0x0000000088400000, 0x0000000088400000| Complete 
|  53|0x0000000088500000, 0x0000000088600000, 0x0000000088600000|100%| S|CS|TAMS 0x0000000088500000, 0x0000000088500000| Complete 
|  54|0x0000000088600000, 0x0000000088600000, 0x0000000088700000|  0%| F|  |TAMS 0x0000000088600000, 0x0000000088600000| Untracked 
|  55|0x0000000088700000, 0x0000000088700000, 0x0000000088800000|  0%| F|  |TAMS 0x0000000088700000, 0x0000000088700000| Untracked 
|  56|0x0000000088800000, 0x0000000088800000, 0x0000000088900000|  0%| F|  |TAMS 0x0000000088800000, 0x0000000088800000| Untracked 
|  57|0x0000000088900000, 0x0000000088900000, 0x0000000088a00000|  0%| F|  |TAMS 0x0000000088900000, 0x0000000088900000| Untracked 
|  58|0x0000000088a00000, 0x0000000088a00000, 0x0000000088b00000|  0%| F|  |TAMS 0x0000000088a00000, 0x0000000088a00000| Untracked 
|  59|0x0000000088b00000, 0x0000000088b00000, 0x0000000088c00000|  0%| F|  |TAMS 0x0000000088b00000, 0x0000000088b00000| Untracked 
|  60|0x0000000088c00000, 0x0000000088c00000, 0x0000000088d00000|  0%| F|  |TAMS 0x0000000088c00000, 0x0000000088c00000| Untracked 
|  61|0x0000000088d00000, 0x0000000088d00000, 0x0000000088e00000|  0%| F|  |TAMS 0x0000000088d00000, 0x0000000088d00000| Untracked 
|  62|0x0000000088e00000, 0x0000000088e00000, 0x0000000088f00000|  0%| F|  |TAMS 0x0000000088e00000, 0x0000000088e00000| Untracked 
|  63|0x0000000088f00000, 0x0000000088f00000, 0x0000000089000000|  0%| F|  |TAMS 0x0000000088f00000, 0x0000000088f00000| Untracked 
|  64|0x0000000089000000, 0x0000000089000000, 0x0000000089100000|  0%| F|  |TAMS 0x0000000089000000, 0x0000000089000000| Untracked 
|  65|0x0000000089100000, 0x0000000089100000, 0x0000000089200000|  0%| F|  |TAMS 0x0000000089100000, 0x0000000089100000| Untracked 
|  80|0x000000008a000000, 0x000000008a000000, 0x000000008a100000|  0%| F|  |TAMS 0x000000008a000000, 0x000000008a000000| Untracked 
|  81|0x000000008a100000, 0x000000008a100000, 0x000000008a200000|  0%| F|  |TAMS 0x000000008a100000, 0x000000008a100000| Untracked 
|  82|0x000000008a200000, 0x000000008a200000, 0x000000008a300000|  0%| F|  |TAMS 0x000000008a200000, 0x000000008a200000| Untracked 
|  83|0x000000008a300000, 0x000000008a3b5698, 0x000000008a400000| 70%| E|  |TAMS 0x000000008a300000, 0x000000008a300000| Complete 
|  84|0x000000008a400000, 0x000000008a500000, 0x000000008a500000|100%| E|CS|TAMS 0x000000008a400000, 0x000000008a400000| Complete 
|  85|0x000000008a500000, 0x000000008a600000, 0x000000008a600000|100%| E|CS|TAMS 0x000000008a500000, 0x000000008a500000| Complete 
|  86|0x000000008a600000, 0x000000008a700000, 0x000000008a700000|100%| E|CS|TAMS 0x000000008a600000, 0x000000008a600000| Complete 
| 123|0x000000008cb00000, 0x000000008cc00000, 0x000000008cc00000|100%| E|CS|TAMS 0x000000008cb00000, 0x000000008cb00000| Complete 

Card table byte_map: [0x0000021c1dd50000,0x0000021c1e130000] _byte_map_base: 0x0000021c1d928000

Marking Bits (Prev, Next): (CMBitMap*) 0x0000021c10c1bab0, (CMBitMap*) 0x0000021c10c1ba70
 Prev Bits: [0x0000021c203d0000, 0x0000021c22290000)
 Next Bits: [0x0000021c1e510000, 0x0000021c203d0000)

Polling page: 0x0000021c10ce0000

Metaspace:

Usage:
  Non-class:     53.08 MB used.
      Class:      8.82 MB used.
       Both:     61.89 MB used.

Virtual space:
  Non-class space:       64.00 MB reserved,      53.38 MB ( 83%) committed,  1 nodes.
      Class space:        1.00 GB reserved,       9.12 MB ( <1%) committed,  1 nodes.
             Both:        1.06 GB reserved,      62.50 MB (  6%) committed. 

Chunk freelists:
   Non-Class:  10.33 MB
       Class:  6.91 MB
        Both:  17.23 MB

MaxMetaspaceSize: unlimited
CompressedClassSpaceSize: 1.00 GB
Initial GC threshold: 21.00 MB
Current GC threshold: 104.00 MB
CDS: on
MetaspaceReclaimPolicy: balanced
 - commit_granule_bytes: 65536.
 - commit_granule_words: 8192.
 - virtual_space_node_default_size: 8388608.
 - enlarge_chunks_in_place: 1.
 - new_chunks_are_fully_committed: 0.
 - uncommit_free_chunks: 1.
 - use_allocation_guard: 0.
 - handle_deallocations: 1.


Internal statistics:

num_allocs_failed_limit: 15.
num_arena_births: 886.
num_arena_deaths: 10.
num_vsnodes_births: 2.
num_vsnodes_deaths: 0.
num_space_committed: 1000.
num_space_uncommitted: 0.
num_chunks_returned_to_freelist: 30.
num_chunks_taken_from_freelist: 3204.
num_chunk_merges: 15.
num_chunk_splits: 2267.
num_chunks_enlarged: 1689.
num_inconsistent_stats: 0.

CodeCache: size=49152Kb used=12596Kb max_used=12596Kb free=36555Kb
 bounds [0x0000021c1a860000, 0x0000021c1b4b0000, 0x0000021c1d860000]
 total_blobs=6849 nmethods=6147 adapters=625
 compilation: enabled
              stopped_count=0, restarted_count=0
 full_count=0

Compilation events (20 events):
Event: 13.664 Thread 0x0000021c6b5622c0 6139       1       java.beans.FeatureDescriptor::getName (5 bytes)
Event: 13.665 Thread 0x0000021c6b5622c0 nmethod 6139 0x0000021c1b4a2890 code [0x0000021c1b4a2a20, 0x0000021c1b4a2af8]
Event: 13.665 Thread 0x0000021c24c7d9e0 nmethod 6138 0x0000021c1b4a2b90 code [0x0000021c1b4a2d40, 0x0000021c1b4a3028]
Event: 13.665 Thread 0x0000021c6b3abd90 nmethod 6137 0x0000021c1b4a3190 code [0x0000021c1b4a3420, 0x0000021c1b4a3f18]
Event: 13.666 Thread 0x0000021c6b5622c0 6140       1       org.springframework.beans.GenericTypeAwarePropertyDescriptor::getReadMethod (5 bytes)
Event: 13.666 Thread 0x0000021c6b5622c0 nmethod 6140 0x0000021c1b4a4490 code [0x0000021c1b4a4620, 0x0000021c1b4a46f8]
Event: 13.666 Thread 0x0000021c24c5beb0 6141       1       java.beans.MethodRef::<init> (5 bytes)
Event: 13.666 Thread 0x0000021c6b5622c0 6142       1       java.beans.FeatureDescriptor::setName (6 bytes)
Event: 13.666 Thread 0x0000021c24c5beb0 nmethod 6141 0x0000021c1b4a4790 code [0x0000021c1b4a4920, 0x0000021c1b4a49d8]
Event: 13.667 Thread 0x0000021c6b5622c0 nmethod 6142 0x0000021c1b4a4a90 code [0x0000021c1b4a4c20, 0x0000021c1b4a4d38]
Event: 13.668 Thread 0x0000021c6b3abd90 6143       1       org.springframework.asm.ClassReader::readMethod (1061 bytes)
Event: 13.672 Thread 0x0000021c6b3abd90 nmethod 6143 0x0000021c1b4a4d90 code [0x0000021c1b4a52a0, 0x0000021c1b4a7bb8]
Event: 13.673 Thread 0x0000021c6b3abd90 6144       1       java.util.TreeMap::get (19 bytes)
Event: 13.673 Thread 0x0000021c6b3abd90 nmethod 6144 0x0000021c1b4a9590 code [0x0000021c1b4a9740, 0x0000021c1b4a9868]
Event: 13.674 Thread 0x0000021c6b5622c0 6145       1       org.springframework.aop.support.AopUtils::canApply (210 bytes)
Event: 13.676 Thread 0x0000021c6b5622c0 nmethod 6145 0x0000021c1b4a9910 code [0x0000021c1b4a9c80, 0x0000021c1b4aa908]
Event: 13.680 Thread 0x0000021c6b3abd90 6146       1       org.springframework.core.SerializableTypeWrapper$TypeProxyInvocationHandler::invoke (364 bytes)
Event: 13.680 Thread 0x0000021c6b5622c0 6147       1       org.springframework.core.annotation.AnnotatedElementUtils::hasAnnotation (38 bytes)
Event: 13.680 Thread 0x0000021c6b5622c0 nmethod 6147 0x0000021c1b4ab110 code [0x0000021c1b4ab300, 0x0000021c1b4ab538]
Event: 13.681 Thread 0x0000021c6b3abd90 nmethod 6146 0x0000021c1b4ab710 code [0x0000021c1b4abac0, 0x0000021c1b4acb08]

GC Heap History (20 events):
Event: 9.594 GC heap before
{Heap before GC invocations=7 (full 0):
 garbage-first heap   total 61440K, used 43790K [0x0000000085000000, 0x0000000100000000)
  region size 1024K, 27 young (27648K), 3 survivors (3072K)
 Metaspace       used 29801K, committed 30272K, reserved 1114112K
  class space    used 4185K, committed 4416K, reserved 1048576K
}
Event: 9.604 GC heap after
{Heap after GC invocations=8 (full 0):
 garbage-first heap   total 61440K, used 20910K [0x0000000085000000, 0x0000000100000000)
  region size 1024K, 3 young (3072K), 3 survivors (3072K)
 Metaspace       used 29801K, committed 30272K, reserved 1114112K
  class space    used 4185K, committed 4416K, reserved 1048576K
}
Event: 10.059 GC heap before
{Heap before GC invocations=8 (full 0):
 garbage-first heap   total 61440K, used 45486K [0x0000000085000000, 0x0000000100000000)
  region size 1024K, 27 young (27648K), 3 survivors (3072K)
 Metaspace       used 33149K, committed 33600K, reserved 1114112K
  class space    used 4648K, committed 4864K, reserved 1048576K
}
Event: 10.070 GC heap after
{Heap after GC invocations=9 (full 0):
 garbage-first heap   total 73728K, used 23155K [0x0000000085000000, 0x0000000100000000)
  region size 1024K, 4 young (4096K), 4 survivors (4096K)
 Metaspace       used 33149K, committed 33600K, reserved 1114112K
  class space    used 4648K, committed 4864K, reserved 1048576K
}
Event: 10.429 GC heap before
{Heap before GC invocations=9 (full 0):
 garbage-first heap   total 73728K, used 52851K [0x0000000085000000, 0x0000000100000000)
  region size 1024K, 34 young (34816K), 4 survivors (4096K)
 Metaspace       used 35446K, committed 35968K, reserved 1114112K
  class space    used 4974K, committed 5248K, reserved 1048576K
}
Event: 10.436 GC heap after
{Heap after GC invocations=10 (full 0):
 garbage-first heap   total 73728K, used 23939K [0x0000000085000000, 0x0000000100000000)
  region size 1024K, 3 young (3072K), 3 survivors (3072K)
 Metaspace       used 35446K, committed 35968K, reserved 1114112K
  class space    used 4974K, committed 5248K, reserved 1048576K
}
Event: 11.017 GC heap before
{Heap before GC invocations=11 (full 0):
 garbage-first heap   total 73728K, used 56707K [0x0000000085000000, 0x0000000100000000)
  region size 1024K, 35 young (35840K), 3 survivors (3072K)
 Metaspace       used 41059K, committed 41536K, reserved 1114112K
  class space    used 5756K, committed 5952K, reserved 1048576K
}
Event: 11.023 GC heap after
{Heap after GC invocations=12 (full 0):
 garbage-first heap   total 73728K, used 25339K [0x0000000085000000, 0x0000000100000000)
  region size 1024K, 3 young (3072K), 3 survivors (3072K)
 Metaspace       used 41059K, committed 41536K, reserved 1114112K
  class space    used 5756K, committed 5952K, reserved 1048576K
}
Event: 11.513 GC heap before
{Heap before GC invocations=12 (full 0):
 garbage-first heap   total 73728K, used 57083K [0x0000000085000000, 0x0000000100000000)
  region size 1024K, 34 young (34816K), 3 survivors (3072K)
 Metaspace       used 46049K, committed 46528K, reserved 1114112K
  class space    used 6563K, committed 6784K, reserved 1048576K
}
Event: 11.517 GC heap after
{Heap after GC invocations=13 (full 0):
 garbage-first heap   total 73728K, used 26384K [0x0000000085000000, 0x0000000100000000)
  region size 1024K, 4 young (4096K), 4 survivors (4096K)
 Metaspace       used 46049K, committed 46528K, reserved 1114112K
  class space    used 6563K, committed 6784K, reserved 1048576K
}
Event: 12.096 GC heap before
{Heap before GC invocations=13 (full 0):
 garbage-first heap   total 73728K, used 57104K [0x0000000085000000, 0x0000000100000000)
  region size 1024K, 35 young (35840K), 4 survivors (4096K)
 Metaspace       used 52849K, committed 53376K, reserved 1114112K
  class space    used 7550K, committed 7808K, reserved 1048576K
}
Event: 12.101 GC heap after
{Heap after GC invocations=14 (full 0):
 garbage-first heap   total 73728K, used 27795K [0x0000000085000000, 0x0000000100000000)
  region size 1024K, 4 young (4096K), 4 survivors (4096K)
 Metaspace       used 52849K, committed 53376K, reserved 1114112K
  class space    used 7550K, committed 7808K, reserved 1048576K
}
Event: 12.669 GC heap before
{Heap before GC invocations=14 (full 0):
 garbage-first heap   total 73728K, used 58515K [0x0000000085000000, 0x0000000100000000)
  region size 1024K, 34 young (34816K), 4 survivors (4096K)
 Metaspace       used 56382K, committed 57024K, reserved 1114112K
  class space    used 8186K, committed 8512K, reserved 1048576K
}
Event: 12.674 GC heap after
{Heap after GC invocations=15 (full 0):
 garbage-first heap   total 73728K, used 28402K [0x0000000085000000, 0x0000000100000000)
  region size 1024K, 4 young (4096K), 4 survivors (4096K)
 Metaspace       used 56382K, committed 57024K, reserved 1114112K
  class space    used 8186K, committed 8512K, reserved 1048576K
}
Event: 13.187 GC heap before
{Heap before GC invocations=15 (full 0):
 garbage-first heap   total 73728K, used 45810K [0x0000000085000000, 0x0000000100000000)
  region size 1024K, 22 young (22528K), 4 survivors (4096K)
 Metaspace       used 59707K, committed 60288K, reserved 1114112K
  class space    used 8656K, committed 8960K, reserved 1048576K
}
Event: 13.193 GC heap after
{Heap after GC invocations=16 (full 0):
 garbage-first heap   total 73728K, used 29456K [0x0000000085000000, 0x0000000100000000)
  region size 1024K, 3 young (3072K), 3 survivors (3072K)
 Metaspace       used 59707K, committed 60288K, reserved 1114112K
  class space    used 8656K, committed 8960K, reserved 1048576K
}
Event: 13.538 GC heap before
{Heap before GC invocations=17 (full 0):
 garbage-first heap   total 73728K, used 60176K [0x0000000085000000, 0x0000000100000000)
  region size 1024K, 32 young (32768K), 3 survivors (3072K)
 Metaspace       used 63228K, committed 63872K, reserved 1114112K
  class space    used 9007K, committed 9344K, reserved 1048576K
}
Event: 13.547 GC heap after
{Heap after GC invocations=18 (full 0):
 garbage-first heap   total 73728K, used 36122K [0x0000000085000000, 0x0000000100000000)
  region size 1024K, 4 young (4096K), 4 survivors (4096K)
 Metaspace       used 63228K, committed 63872K, reserved 1114112K
  class space    used 9007K, committed 9344K, reserved 1048576K
}
Event: 13.631 GC heap before
{Heap before GC invocations=19 (full 0):
 garbage-first heap   total 75776K, used 57626K [0x0000000085000000, 0x0000000100000000)
  region size 1024K, 24 young (24576K), 4 survivors (4096K)
 Metaspace       used 63261K, committed 63936K, reserved 1114112K
  class space    used 9012K, committed 9344K, reserved 1048576K
}
Event: 13.649 GC heap after
{Heap after GC invocations=20 (full 0):
 garbage-first heap   total 75776K, used 48184K [0x0000000085000000, 0x0000000100000000)
  region size 1024K, 3 young (3072K), 3 survivors (3072K)
 Metaspace       used 63261K, committed 63936K, reserved 1114112K
  class space    used 9012K, committed 9344K, reserved 1048576K
}

Dll operation events (13 events):
Event: 0.064 Loaded shared library C:\Users\82102\.gradle\jdks\eclipse_adoptium-17-amd64-windows.2\bin\java.dll
Event: 0.133 Loaded shared library C:\Users\82102\.gradle\jdks\eclipse_adoptium-17-amd64-windows.2\bin\jsvml.dll
Event: 0.537 Loaded shared library C:\Users\82102\.gradle\jdks\eclipse_adoptium-17-amd64-windows.2\bin\zip.dll
Event: 0.544 Loaded shared library C:\Users\82102\.gradle\jdks\eclipse_adoptium-17-amd64-windows.2\bin\instrument.dll
Event: 0.559 Loaded shared library C:\Users\82102\.gradle\jdks\eclipse_adoptium-17-amd64-windows.2\bin\net.dll
Event: 0.564 Loaded shared library C:\Users\82102\.gradle\jdks\eclipse_adoptium-17-amd64-windows.2\bin\nio.dll
Event: 0.573 Loaded shared library C:\Users\82102\.gradle\jdks\eclipse_adoptium-17-amd64-windows.2\bin\zip.dll
Event: 0.626 Loaded shared library C:\Users\82102\.gradle\jdks\eclipse_adoptium-17-amd64-windows.2\bin\jimage.dll
Event: 0.861 Loaded shared library C:\Users\82102\.gradle\jdks\eclipse_adoptium-17-amd64-windows.2\bin\extnet.dll
Event: 0.879 Loaded shared library C:\Users\82102\.gradle\jdks\eclipse_adoptium-17-amd64-windows.2\bin\management.dll
Event: 0.908 Loaded shared library C:\Users\82102\.gradle\jdks\eclipse_adoptium-17-amd64-windows.2\bin\management_ext.dll
Event: 6.602 Loaded shared library C:\Users\82102\.gradle\jdks\eclipse_adoptium-17-amd64-windows.2\bin\sunmscapi.dll
Event: 10.979 Loaded shared library C:\Users\82102\.gradle\jdks\eclipse_adoptium-17-amd64-windows.2\bin\verify.dll

Deoptimization events (2 events):
Event: 9.506 Thread 0x0000021c12d33510 DEOPT PACKING pc=0x0000021c1b078b8c sp=0x000000b3777fd040
Event: 9.506 Thread 0x0000021c12d33510 DEOPT UNPACKING pc=0x0000021c1a8bace3 sp=0x000000b3777fc4f8 mode 0

Classes loaded (20 events):
Event: 13.430 Loading class jdk/internal/icu/impl/Trie2$1
Event: 13.430 Loading class jdk/internal/icu/impl/Trie2$ValueMapper
Event: 13.430 Loading class jdk/internal/icu/impl/Trie2$ValueMapper done
Event: 13.430 Loading class jdk/internal/icu/impl/Trie2$1 done
Event: 13.431 Loading class jdk/internal/icu/impl/Trie2$UTrie2Header
Event: 13.431 Loading class jdk/internal/icu/impl/Trie2$UTrie2Header done
Event: 13.463 Loading class java/util/concurrent/atomic/AtomicIntegerArray
Event: 13.464 Loading class java/util/concurrent/atomic/AtomicIntegerArray done
Event: 13.486 Loading class java/util/Base64
Event: 13.486 Loading class java/util/Base64 done
Event: 13.486 Loading class java/util/Base64$Decoder
Event: 13.487 Loading class java/util/Base64$Decoder done
Event: 13.487 Loading class java/util/Base64$Encoder
Event: 13.487 Loading class java/util/Base64$Encoder done
Event: 13.662 Loading class sun/reflect/generics/tree/IntSignature
Event: 13.662 Loading class sun/reflect/generics/tree/IntSignature done
Event: 13.678 Loading class java/lang/SafeVarargs
Event: 13.678 Loading class java/lang/SafeVarargs done
Event: 13.679 Loading class sun/reflect/generics/reflectiveObjects/GenericArrayTypeImpl
Event: 13.679 Loading class sun/reflect/generics/reflectiveObjects/GenericArrayTypeImpl done

Classes unloaded (5 events):
Event: 8.032 Thread 0x0000021c24c32e40 Unloading class 0x0000021c260d8800 'jdk/internal/reflect/GeneratedSerializationConstructorAccessor15'
Event: 8.032 Thread 0x0000021c24c32e40 Unloading class 0x0000021c260d8000 'jdk/internal/reflect/GeneratedSerializationConstructorAccessor13'
Event: 8.032 Thread 0x0000021c24c32e40 Unloading class 0x0000021c260d3800 'jdk/internal/reflect/GeneratedSerializationConstructorAccessor11'
Event: 8.032 Thread 0x0000021c24c32e40 Unloading class 0x0000021c260d3000 'jdk/internal/reflect/GeneratedSerializationConstructorAccessor9'
Event: 8.032 Thread 0x0000021c24c32e40 Unloading class 0x0000021c260d2800 'jdk/internal/reflect/GeneratedSerializationConstructorAccessor7'

Classes redefined (0 events):
No events

Internal exceptions (20 events):
Event: 12.649 Thread 0x0000021c12d33510 Exception <a 'java/lang/NoSuchMethodError'{0x0000000087a29020}: 'void java.lang.invoke.DirectMethodHandle$Holder.invokeInterface(java.lang.Object, java.lang.Object, int, java.lang.Object)'> (0x0000000087a29020) 
thrown [s\src\hotspot\share\interpreter\linkResolver.cpp, line 759]
Event: 12.652 Thread 0x0000021c12d33510 Exception <a 'java/lang/NoSuchMethodError'{0x0000000087a57a90}: 'java.lang.Object java.lang.invoke.DirectMethodHandle$Holder.newInvokeSpecial(java.lang.Object, java.lang.Object, int, java.lang.Object)'> (0x0000000087a57a90) 
thrown [s\src\hotspot\share\interpreter\linkResolver.cpp, line 759]
Event: 12.652 Thread 0x0000021c12d33510 Exception <a 'java/lang/NoSuchMethodError'{0x0000000087a5b658}: 'java.lang.Object java.lang.invoke.Invokers$Holder.linkToTargetMethod(java.lang.Object, int, java.lang.Object, java.lang.Object)'> (0x0000000087a5b658) 
thrown [s\src\hotspot\share\interpreter\linkResolver.cpp, line 759]
Event: 12.685 Thread 0x0000021c12d33510 Exception <a 'java/lang/NoSuchMethodError'{0x000000008cb80d88}: 'void java.lang.invoke.DirectMethodHandle$Holder.invokeSpecial(java.lang.Object, java.lang.Object, java.lang.Object, java.lang.Object, java.lang.Object, java.lang.Object, java.lang.Object, java.lang.Object)'> (0x000000008cb80d88) 
thrown [s\src\hotspot\share\interpreter\linkResolver.cpp, line 759]
Event: 12.691 Thread 0x0000021c12d33510 Exception <a 'java/lang/NoSuchMethodError'{0x000000008cbc6a00}: 'void java.lang.invoke.DirectMethodHandle$Holder.invokeSpecial(java.lang.Object, java.lang.Object, int, java.lang.Object)'> (0x000000008cbc6a00) 
thrown [s\src\hotspot\share\interpreter\linkResolver.cpp, line 759]
Event: 12.692 Thread 0x0000021c12d33510 Exception <a 'java/lang/NoSuchMethodError'{0x000000008cbcd868}: 'java.lang.Object java.lang.invoke.DirectMethodHandle$Holder.newInvokeSpecial(java.lang.Object, java.lang.Object, int)'> (0x000000008cbcd868) 
thrown [s\src\hotspot\share\interpreter\linkResolver.cpp, line 759]
Event: 12.729 Thread 0x0000021c12d33510 Exception <a 'java/lang/NoSuchMethodError'{0x000000008a5a4c58}: 'int java.lang.invoke.DirectMethodHandle$Holder.invokeStatic(java.lang.Object, int, java.lang.Object)'> (0x000000008a5a4c58) 
thrown [s\src\hotspot\share\interpreter\linkResolver.cpp, line 759]
Event: 12.732 Thread 0x0000021c12d33510 Exception <a 'java/lang/NoSuchMethodError'{0x000000008a5c8b08}: 'java.lang.Object java.lang.invoke.DirectMethodHandle$Holder.newInvokeSpecial(java.lang.Object, java.lang.Object, java.lang.Object, java.lang.Object, java.lang.Object, int, java.lang.Object)'> (0x000000008a5c8b08) 
thrown [s\src\hotspot\share\interpreter\linkResolver.cpp, line 759]
Event: 12.737 Thread 0x0000021c12d33510 Exception <a 'java/lang/NoSuchMethodError'{0x000000008a40b498}: 'java.lang.Object java.lang.invoke.DirectMethodHandle$Holder.newInvokeSpecial(java.lang.Object, java.lang.Object, java.lang.Object, java.lang.Object, java.lang.Object, java.lang.Object, java.lang.Object, java.lang.Object, java.lang.Object, java.lang.Object, java.lang.Object, java.lang.Object)'> (0x000000008a40b498) 
thrown [s\src\hotspot\share\interpreter\linkResolver.cpp, line 759]
Event: 12.737 Thread 0x0000021c12d33510 Exception <a 'java/lang/NoSuchMethodError'{0x000000008a40ff30}: 'java.lang.Object java.lang.invoke.DirectMethodHandle$Holder.invokeSpecial(java.lang.Object, java.lang.Object, java.lang.Object, java.lang.Object, java.lang.Object, java.lang.Object, java.lang.Object, java.lang.Object, java.lang.Object, java.lang.Object, java.lang.Object, java.lang.Object, java.lang.Object)'> (0x000000008a40ff30) 
thrown [s\src\hotspot\share\interpreter\linkResolver.cpp, line 759]
Event: 12.737 Thread 0x0000021c12d33510 Exception <a 'java/lang/NoSuchMethodError'{0x000000008a414648}: 'java.lang.Object java.lang.invoke.Invokers$Holder.linkToTargetMethod(java.lang.Object, java.lang.Object, java.lang.Object, java.lang.Object, java.lang.Object, java.lang.Object, java.lang.Object, java.lang.Object, java.lang.Object, java.lang.Object, java.lang.Object, java.lang.Object)'> (0x000000008a414648) 
thrown [s\src\hotspot\share\interpreter\linkResolver.cpp, line 759]
Event: 12.748 Thread 0x0000021c12d33510 Exception <a 'java/lang/IncompatibleClassChangeError'{0x000000008a4c3350}: Found class java.lang.Object, but interface was expected> (0x000000008a4c3350) 
thrown [s\src\hotspot\share\interpreter\linkResolver.cpp, line 826]
Event: 12.790 Thread 0x0000021c12d33510 Exception <a 'java/lang/NoSuchMethodError'{0x000000008a2a7010}: 'java.lang.Object java.lang.invoke.DirectMethodHandle$Holder.newInvokeSpecial(java.lang.Object, java.lang.Object, int, java.lang.Object, int, java.lang.Object, java.lang.Object)'> (0x000000008a2a7010) 
thrown [s\src\hotspot\share\interpreter\linkResolver.cpp, line 759]
Event: 12.797 Thread 0x0000021c12d33510 Exception <a 'java/lang/NoSuchMethodError'{0x000000008a102888}: 'java.lang.Object java.lang.invoke.DirectMethodHandle$Holder.newInvokeSpecial(java.lang.Object, java.lang.Object, java.lang.Object, java.lang.Object, java.lang.Object, java.lang.Object, java.lang.Object, int)'> (0x000000008a102888) 
thrown [s\src\hotspot\share\interpreter\linkResolver.cpp, line 759]
Event: 12.797 Thread 0x0000021c12d33510 Exception <a 'java/lang/NoSuchMethodError'{0x000000008a107880}: 'java.lang.Object java.lang.invoke.DirectMethodHandle$Holder.invokeSpecial(java.lang.Object, java.lang.Object, java.lang.Object, java.lang.Object, java.lang.Object, java.lang.Object, java.lang.Object, java.lang.Object, int)'> (0x000000008a107880) 
thrown [s\src\hotspot\share\interpreter\linkResolver.cpp, line 759]
Event: 12.797 Thread 0x0000021c12d33510 Exception <a 'java/lang/NoSuchMethodError'{0x000000008a10c348}: 'java.lang.Object java.lang.invoke.Invokers$Holder.linkToTargetMethod(java.lang.Object, java.lang.Object, java.lang.Object, java.lang.Object, java.lang.Object, java.lang.Object, int, java.lang.Object)'> (0x000000008a10c348) 
thrown [s\src\hotspot\share\interpreter\linkResolver.cpp, line 759]
Event: 12.846 Thread 0x0000021c12d33510 Exception <a 'java/lang/NoSuchMethodError'{0x000000008a09eef0}: 'void java.lang.invoke.DirectMethodHandle$Holder.invokeInterface(java.lang.Object, java.lang.Object)'> (0x000000008a09eef0) 
thrown [s\src\hotspot\share\interpreter\linkResolver.cpp, line 759]
Event: 13.101 Thread 0x0000021c12d33510 Exception <a 'java/lang/NoSuchMethodError'{0x0000000088ab6c50}: 'java.lang.Object java.lang.invoke.DirectMethodHandle$Holder.invokeSpecial(java.lang.Object, java.lang.Object, int, java.lang.Object, int)'> (0x0000000088ab6c50) 
thrown [s\src\hotspot\share\interpreter\linkResolver.cpp, line 759]
Event: 13.364 Thread 0x0000021c12d33510 Exception <a 'sun/nio/fs/WindowsException'{0x0000000088eff818}> (0x0000000088eff818) 
thrown [s\src\hotspot\share\prims\jni.cpp, line 516]
Event: 13.377 Thread 0x0000021c12d33510 Exception <a 'java/lang/NoSuchMethodError'{0x0000000088d21d30}: 'int java.lang.invoke.DirectMethodHandle$Holder.invokeStaticInit(java.lang.Object, java.lang.Object, java.lang.Object, java.lang.Object)'> (0x0000000088d21d30) 
thrown [s\src\hotspot\share\interpreter\linkResolver.cpp, line 759]

VM Operations (20 events):
Event: 13.213 Executing VM operation: CollectForMetadataAllocation done
Event: 13.217 Executing VM operation: G1PauseRemark
Event: 13.226 Executing VM operation: G1PauseRemark done
Event: 13.238 Executing VM operation: G1PauseCleanup
Event: 13.238 Executing VM operation: G1PauseCleanup done
Event: 13.300 Executing VM operation: HandshakeAllThreads
Event: 13.300 Executing VM operation: HandshakeAllThreads done
Event: 13.366 Executing VM operation: HandshakeAllThreads
Event: 13.366 Executing VM operation: HandshakeAllThreads done
Event: 13.371 Executing VM operation: HandshakeAllThreads
Event: 13.371 Executing VM operation: HandshakeAllThreads done
Event: 13.538 Executing VM operation: G1CollectForAllocation
Event: 13.547 Executing VM operation: G1CollectForAllocation done
Event: 13.576 Executing VM operation: G1PauseRemark
Event: 13.580 Executing VM operation: G1PauseRemark done
Event: 13.593 Executing VM operation: G1PauseCleanup
Event: 13.593 Executing VM operation: G1PauseCleanup done
Event: 13.631 Executing VM operation: G1TryInitiateConcMark
Event: 13.649 Executing VM operation: G1TryInitiateConcMark done
Event: 13.684 Executing VM operation: G1PauseRemark

Memory protections (0 events):
No events

Nmethod flushes (0 events):
No events

Events (20 events):
Event: 9.860 Thread 0x0000021c6ab91cc0 Thread exited: 0x0000021c6ab91cc0
Event: 10.312 Thread 0x0000021c12d33510 Thread added: 0x0000021c6ab94030
Event: 10.312 Thread 0x0000021c6ab94030 Thread added: 0x0000021c6ab95470
Event: 10.317 Thread 0x0000021c12d33510 Thread added: 0x0000021c6ab91cc0
Event: 10.362 Thread 0x0000021c6a943470 Thread added: 0x0000021c6ab921d0
Event: 10.366 Thread 0x0000021c6ab921d0 Thread exited: 0x0000021c6ab921d0
Event: 10.547 Thread 0x0000021c12d33510 Thread added: 0x0000021c6ab921d0
Event: 10.655 Thread 0x0000021c6ab921d0 Thread added: 0x0000021c6ab926e0
Event: 10.867 Thread 0x0000021c6a943470 Thread added: 0x0000021c6ab93100
Event: 10.872 Thread 0x0000021c6ab93100 Thread exited: 0x0000021c6ab93100
Event: 11.375 Thread 0x0000021c6a943470 Thread added: 0x0000021c6ab93100
Event: 11.379 Thread 0x0000021c6ab93100 Thread exited: 0x0000021c6ab93100
Event: 11.882 Thread 0x0000021c6a943470 Thread added: 0x0000021c6ab93100
Event: 11.887 Thread 0x0000021c6ab93100 Thread exited: 0x0000021c6ab93100
Event: 12.389 Thread 0x0000021c6a943470 Thread added: 0x0000021c6ce309a0
Event: 12.393 Thread 0x0000021c6ce309a0 Thread exited: 0x0000021c6ce309a0
Event: 12.896 Thread 0x0000021c6a943470 Thread added: 0x0000021c6b6ce340
Event: 12.901 Thread 0x0000021c6b6ce340 Thread exited: 0x0000021c6b6ce340
Event: 13.404 Thread 0x0000021c6a943470 Thread added: 0x0000021c6cfb1060
Event: 13.408 Thread 0x0000021c6cfb1060 Thread exited: 0x0000021c6cfb1060


Dynamic libraries:
0x00007ff71a070000 - 0x00007ff71a07e000 	C:\Users\82102\.gradle\jdks\eclipse_adoptium-17-amd64-windows.2\bin\java.exe
0x00007ff8d3660000 - 0x00007ff8d38c7000 	C:\WINDOWS\SYSTEM32\ntdll.dll
0x00007ff8d2920000 - 0x00007ff8d29e9000 	C:\WINDOWS\System32\KERNEL32.DLL
0x00007ff8d0820000 - 0x00007ff8d0c10000 	C:\WINDOWS\System32\KERNELBASE.dll
0x00007ff8d0c20000 - 0x00007ff8d0d6b000 	C:\WINDOWS\System32\ucrtbase.dll
0x00007ff8be030000 - 0x00007ff8be04e000 	C:\Users\82102\.gradle\jdks\eclipse_adoptium-17-amd64-windows.2\bin\VCRUNTIME140.dll
0x00007ff8bcb10000 - 0x00007ff8bcb27000 	C:\Users\82102\.gradle\jdks\eclipse_adoptium-17-amd64-windows.2\bin\jli.dll
0x00007ff8d2e10000 - 0x00007ff8d2fd5000 	C:\WINDOWS\System32\USER32.dll
0x00007ff8d1190000 - 0x00007ff8d11b7000 	C:\WINDOWS\System32\win32u.dll
0x00007ff8d3570000 - 0x00007ff8d359b000 	C:\WINDOWS\System32\GDI32.dll
0x00007ff8d0e10000 - 0x00007ff8d0f48000 	C:\WINDOWS\System32\gdi32full.dll
0x00007ff8d11c0000 - 0x00007ff8d1263000 	C:\WINDOWS\System32\msvcp_win.dll
0x00007ff8b5ee0000 - 0x00007ff8b617a000 	C:\WINDOWS\WinSxS\amd64_microsoft.windows.common-controls_6595b64144ccf1df_6.0.26100.4768_none_3e0c112ce331287c\COMCTL32.dll
0x00007ff8d3190000 - 0x00007ff8d3239000 	C:\WINDOWS\System32\msvcrt.dll
0x00007ff8d2500000 - 0x00007ff8d252f000 	C:\WINDOWS\System32\IMM32.DLL
0x00007ff8bf160000 - 0x00007ff8bf16c000 	C:\Users\82102\.gradle\jdks\eclipse_adoptium-17-amd64-windows.2\bin\vcruntime140_1.dll
0x00007ff89bfe0000 - 0x00007ff89c06d000 	C:\Users\82102\.gradle\jdks\eclipse_adoptium-17-amd64-windows.2\bin\msvcp140.dll
0x00007fffb7440000 - 0x00007fffb80ab000 	C:\Users\82102\.gradle\jdks\eclipse_adoptium-17-amd64-windows.2\bin\server\jvm.dll
0x00007ff8d2330000 - 0x00007ff8d23e4000 	C:\WINDOWS\System32\ADVAPI32.dll
0x00007ff8d1480000 - 0x00007ff8d1526000 	C:\WINDOWS\System32\sechost.dll
0x00007ff8d2730000 - 0x00007ff8d2848000 	C:\WINDOWS\System32\RPCRT4.dll
0x00007ff8d2850000 - 0x00007ff8d28c4000 	C:\WINDOWS\System32\WS2_32.dll
0x00007ff8c6360000 - 0x00007ff8c6395000 	C:\WINDOWS\SYSTEM32\WINMM.dll
0x00007ff8d05f0000 - 0x00007ff8d064e000 	C:\WINDOWS\SYSTEM32\POWRPROF.dll
0x00007ff8c63f0000 - 0x00007ff8c63fb000 	C:\WINDOWS\SYSTEM32\VERSION.dll
0x00007ff8d05d0000 - 0x00007ff8d05e4000 	C:\WINDOWS\SYSTEM32\UMPDC.dll
0x00007ff8cf510000 - 0x00007ff8cf52b000 	C:\WINDOWS\SYSTEM32\kernel.appcore.dll
0x00007ff8bcb00000 - 0x00007ff8bcb0a000 	C:\Users\82102\.gradle\jdks\eclipse_adoptium-17-amd64-windows.2\bin\jimage.dll
0x00007ff8ce060000 - 0x00007ff8ce2a1000 	C:\WINDOWS\SYSTEM32\DBGHELP.DLL
0x00007ff8d29f0000 - 0x00007ff8d2d75000 	C:\WINDOWS\System32\combase.dll
0x00007ff8d1db0000 - 0x00007ff8d1e90000 	C:\WINDOWS\System32\OLEAUT32.dll
0x00007ff8a3a10000 - 0x00007ff8a3a53000 	C:\WINDOWS\SYSTEM32\dbgcore.DLL
0x00007ff8d0d70000 - 0x00007ff8d0e09000 	C:\WINDOWS\System32\bcryptPrimitives.dll
0x00007ff8ba020000 - 0x00007ff8ba02e000 	C:\Users\82102\.gradle\jdks\eclipse_adoptium-17-amd64-windows.2\bin\instrument.dll
0x00007ff8b9fe0000 - 0x00007ff8ba005000 	C:\Users\82102\.gradle\jdks\eclipse_adoptium-17-amd64-windows.2\bin\java.dll
0x00007ff860d60000 - 0x00007ff860e37000 	C:\Users\82102\.gradle\jdks\eclipse_adoptium-17-amd64-windows.2\bin\jsvml.dll
0x00007ff8d1530000 - 0x00007ff8d1c7d000 	C:\WINDOWS\System32\SHELL32.dll
0x00007ff8d1270000 - 0x00007ff8d13e3000 	C:\WINDOWS\System32\wintypes.dll
0x00007ff8ce340000 - 0x00007ff8ceba0000 	C:\WINDOWS\SYSTEM32\windows.storage.dll
0x00007ff8d3460000 - 0x00007ff8d3555000 	C:\WINDOWS\System32\SHCORE.dll
0x00007ff8d2da0000 - 0x00007ff8d2e0a000 	C:\WINDOWS\System32\shlwapi.dll
0x00007ff8d06b0000 - 0x00007ff8d06d9000 	C:\WINDOWS\SYSTEM32\profapi.dll
0x00007ff8b9fc0000 - 0x00007ff8b9fd8000 	C:\Users\82102\.gradle\jdks\eclipse_adoptium-17-amd64-windows.2\bin\zip.dll
0x00007ff8b9cc0000 - 0x00007ff8b9cd9000 	C:\Users\82102\.gradle\jdks\eclipse_adoptium-17-amd64-windows.2\bin\net.dll
0x00007ff8c91c0000 - 0x00007ff8c92de000 	C:\WINDOWS\SYSTEM32\WINHTTP.dll
0x00007ff8cfaa0000 - 0x00007ff8cfb0b000 	C:\WINDOWS\system32\mswsock.dll
0x00007ff8b9b80000 - 0x00007ff8b9b96000 	C:\Users\82102\.gradle\jdks\eclipse_adoptium-17-amd64-windows.2\bin\nio.dll
0x00007ff8cefc0000 - 0x00007ff8cf0e6000 	C:\WINDOWS\SYSTEM32\DNSAPI.dll
0x00007ff8ceed0000 - 0x00007ff8cef03000 	C:\WINDOWS\SYSTEM32\IPHLPAPI.DLL
0x00007ff8d2d90000 - 0x00007ff8d2d9a000 	C:\WINDOWS\System32\NSI.dll
0x00007ff8c9d90000 - 0x00007ff8c9d9b000 	C:\Windows\System32\rasadhlp.dll
0x00007ff8ca5d0000 - 0x00007ff8ca656000 	C:\WINDOWS\System32\fwpuclnt.dll
0x00007ff8b9fb0000 - 0x00007ff8b9fb9000 	C:\Users\82102\.gradle\jdks\eclipse_adoptium-17-amd64-windows.2\bin\extnet.dll
0x00007ff8b9df0000 - 0x00007ff8b9dfa000 	C:\Users\82102\.gradle\jdks\eclipse_adoptium-17-amd64-windows.2\bin\management.dll
0x00007ff8b9cb0000 - 0x00007ff8b9cbb000 	C:\Users\82102\.gradle\jdks\eclipse_adoptium-17-amd64-windows.2\bin\management_ext.dll
0x00007ff8d2d80000 - 0x00007ff8d2d88000 	C:\WINDOWS\System32\PSAPI.DLL
0x00007ff8cfd60000 - 0x00007ff8cfd7b000 	C:\WINDOWS\SYSTEM32\CRYPTSP.dll
0x00007ff8cf470000 - 0x00007ff8cf4ab000 	C:\WINDOWS\system32\rsaenh.dll
0x00007ff8cfb40000 - 0x00007ff8cfb6b000 	C:\WINDOWS\SYSTEM32\USERENV.dll
0x00007ff8d0680000 - 0x00007ff8d06a6000 	C:\WINDOWS\SYSTEM32\bcrypt.dll
0x00007ff8cfd80000 - 0x00007ff8cfd8c000 	C:\WINDOWS\SYSTEM32\CRYPTBASE.dll
0x00007ff8ca170000 - 0x00007ff8ca18f000 	C:\WINDOWS\SYSTEM32\dhcpcsvc6.DLL
0x00007ff8ca140000 - 0x00007ff8ca165000 	C:\WINDOWS\SYSTEM32\dhcpcsvc.DLL
0x00007ff8a2a70000 - 0x00007ff8a2a88000 	C:\WINDOWS\system32\napinsp.dll
0x00007ff8a2a50000 - 0x00007ff8a2a62000 	C:\WINDOWS\System32\winrnr.dll
0x00007ff8a0980000 - 0x00007ff8a09b0000 	C:\WINDOWS\system32\nlansp_c.dll
0x00007ff8c77e0000 - 0x00007ff8c7800000 	C:\WINDOWS\system32\wshbth.dll
0x00007ff8a24b0000 - 0x00007ff8a24fe000 	C:\WINDOWS\SYSTEM32\pdh.dll
0x00007ff8be060000 - 0x00007ff8be06e000 	C:\Users\82102\.gradle\jdks\eclipse_adoptium-17-amd64-windows.2\bin\sunmscapi.dll
0x00007ff8d1010000 - 0x00007ff8d1187000 	C:\WINDOWS\System32\CRYPT32.dll
0x00007ff8cff80000 - 0x00007ff8cffb0000 	C:\WINDOWS\SYSTEM32\ncrypt.dll
0x00007ff8cff30000 - 0x00007ff8cff6f000 	C:\WINDOWS\SYSTEM32\NTASN1.dll
0x00007ff8cd3a0000 - 0x00007ff8cd3b2000 	C:\WINDOWS\System32\perfproc.dll
0x00007ff89b350000 - 0x00007ff89b361000 	C:\WINDOWS\System32\perfos.dll
0x00007ff8cebd0000 - 0x00007ff8cebe2000 	C:\WINDOWS\SYSTEM32\pfclient.dll
0x00007ff8be050000 - 0x00007ff8be060000 	C:\Users\82102\.gradle\jdks\eclipse_adoptium-17-amd64-windows.2\bin\verify.dll

dbghelp: loaded successfully - version: 4.0.5 - missing functions: none
symbol engine: initialized successfully - sym options: 0x614 - pdb path: .;C:\Users\82102\.gradle\jdks\eclipse_adoptium-17-amd64-windows.2\bin;C:\WINDOWS\SYSTEM32;C:\WINDOWS\WinSxS\amd64_microsoft.windows.common-controls_6595b64144ccf1df_6.0.26100.4768_none_3e0c112ce331287c;C:\Users\82102\.gradle\jdks\eclipse_adoptium-17-amd64-windows.2\bin\server

VM Arguments:
jvm_args: -XX:TieredStopAtLevel=1 -Dspring.output.ansi.enabled=always -Dcom.sun.management.jmxremote -Dspring.jmx.enabled=true -Dspring.liveBeansView.mbeanDomain -Dspring.application.admin.enabled=true -Dmanagement.endpoints.jmx.exposure.include=* -javaagent:C:\Program Files\JetBrains\IntelliJ IDEA 2025.1.4.1\lib\idea_rt.jar=62155 -Dfile.encoding=UTF-8 
java_command: com.my.modong_prac.ModongPracApplication
java_class_path (initial): C:\Users\82102\Documents\  \modong_ai_final\modong\modong_be_map\build\classes\java\main;C:\Users\82102\Documents\  \modong_ai_final\modong\modong_be_map\build\resources\main;C:\Users\82102\.gradle\caches\modules-2\files-2.1\org.projectlombok\lombok\1.18.30\f195ee86e6c896ea47a1d39defbe20eb59cd149d\lombok-1.18.30.jar;C:\Users\82102\.gradle\caches\modules-2\files-2.1\org.springframework.boot\spring-boot-starter-web-services\3.3.1\165aee0973be88be157cf98c841f7ffc3361e483\spring-boot-starter-web-services-3.3.1.jar;C:\Users\82102\.gradle\caches\modules-2\files-2.1\org.springframework.boot\spring-boot-starter-web\3.3.1\ec812e82a010d089438b6ac98ebe294f2e540f71\spring-boot-starter-web-3.3.1.jar;C:\Users\82102\.gradle\caches\modules-2\files-2.1\org.springframework.boot\spring-boot-starter-data-jpa\3.3.1\f12725d58a944eaf4d44334a6a7b0fe14ed08577\spring-boot-starter-data-jpa-3.3.1.jar;C:\Users\82102\.gradle\caches\modules-2\files-2.1\org.mariadb.jdbc\mariadb-java-client\3.3.3\149f773186f5b7d2e840cfaecf4e3bcdddf7b065\mariadb-java-client-3.3.3.jar;C:\Users\82102\.gradle\caches\modules-2\files-2.1\org.springdoc\springdoc-openapi-starter-webmvc-ui\2.5.0\e81e60e9be9fd65503071337e634b6056127a2fb\springdoc-openapi-starter-webmvc-ui-2.5.0.jar;C:\Users\82102\.gradle\caches\modules-2\files-2.1\dev.langchain4j\langchain4j\0.32.0\17767daa908f00d627f9eff638b44b4668972ff3\langchain4j-0.32.0.jar;C:\Users\82102\.gradle\caches\modules-2\files-2.1\dev.langchain4j\langchain4j-open-ai\0.32.0\3d088a3b3e34d9911ad163d555cda5b8c1cba92e\langchain4j-open-ai-0.32.0.jar;C:\Users\82102\.gradle\caches\modules-2\files-2.1\com.google.code.gson\gson\2.10.1\b3add478d4382b78ea20b1671390a858002feb6c\gson-2.10.1.jar;C:\Users\82102\.gradle\caches\modules-2\files-2.1\org.springframework.boot\spring-boot-starter-webflux\3.3.1\9d136c84e218ca773105a0ef99a5251c45be9b1e\spring-boot-starter-webflux-3.3.1.jar;C:\Users\82102\.gradle\caches\modules-2\files-2.1\jaka
Launcher Type: SUN_STANDARD

[Global flags]
     intx CICompilerCount                          = 4                                         {product} {ergonomic}
     uint ConcGCThreads                            = 2                                         {product} {ergonomic}
     uint G1ConcRefinementThreads                  = 8                                         {product} {ergonomic}
   size_t G1HeapRegionSize                         = 1048576                                   {product} {ergonomic}
    uintx GCDrainStackTargetSize                   = 64                                        {product} {ergonomic}
   size_t InitialHeapSize                          = 130023424                                 {product} {ergonomic}
     bool ManagementServer                         = true                                      {product} {command line}
   size_t MarkStackSize                            = 4194304                                   {product} {ergonomic}
   size_t MaxHeapSize                              = 2063597568                                {product} {ergonomic}
   size_t MaxNewSize                               = 1237319680                                {product} {ergonomic}
   size_t MinHeapDeltaBytes                        = 1048576                                   {product} {ergonomic}
   size_t MinHeapSize                              = 8388608                                   {product} {ergonomic}
    uintx NonProfiledCodeHeapSize                  = 0                                      {pd product} {ergonomic}
     bool ProfileInterpreter                       = false                                  {pd product} {command line}
    uintx ProfiledCodeHeapSize                     = 0                                      {pd product} {ergonomic}
   size_t SoftMaxHeapSize                          = 2063597568                             {manageable} {ergonomic}
     intx TieredStopAtLevel                        = 1                                         {product} {command line}
     bool UseCompressedClassPointers               = true                           {product lp64_product} {ergonomic}
     bool UseCompressedOops                        = true                           {product lp64_product} {ergonomic}
     bool UseG1GC                                  = true                                      {product} {ergonomic}
     bool UseLargePagesIndividualAllocation        = false                                  {pd product} {ergonomic}

Logging:
Log output configuration:
 #0: stdout all=warning uptime,level,tags
 #1: stderr all=off uptime,level,tags

Environment Variables:
JAVA_HOME=C:\Program Files\Java\jdk-24
PATH=C:\Python313\Scripts\;C:\Python313\;C:\Program Files\Common Files\Oracle\Java\javapath;C:\app\82102\product\21c\dbhomeXE\bin;C:\Program Files\Python311\Scripts\;C:\Program Files\Python311\;C:\windows\system32;C:\windows;C:\windows\System32\Wbem;C:\windows\System32\WindowsPowerShell\v1.0\;C:\windows\System32\OpenSSH\;C:\Program Files (x86)\NVIDIA Corporation\PhysX\Common;C:\Program Files\NVIDIA Corporation\NVIDIA NvDLISR;C:\WINDOWS\system32;C:\WINDOWS;C:\WINDOWS\System32\Wbem;C:\WINDOWS\System32\WindowsPowerShell\v1.0\;C:\WINDOWS\System32\OpenSSH\;C:\Program Files (x86)\Windows Kits\10\Windows Performance Toolkit\;C:\Program Files\Git\cmd;C:\Program Files\PuTTY\;C:\Program Files\Java\jdk-24\bin;C:\Program Files\nodejs\;C:\ProgramData\chocolatey\bin;C:\Python313\Scripts\;C:\Python313\;C:\Program Files\Common Files\Oracle\Java\javapath;C:\app\82102\product\21c\dbhomeXE\bin;C:\Program Files\Python311\Scripts\;C:\Program Files\Python311\;C:\windows\system32;C:\windows;C:\windows\System32\Wbem;C:\windows\System32\WindowsPowerShell\v1.0\;C:\windows\System32\OpenSSH\;C:\Program Files (x86)\NVIDIA Corporation\PhysX\Common;C:\Program Files\NVIDIA Corporation\NVIDIA NvDLISR;C:\WINDOWS\system32;C:\WINDOWS;C:\WINDOWS\System32\Wbem;C:\WINDOWS\System32\WindowsPowerShell\v1.0\;C:\WINDOWS\System32\OpenSSH\;C:\Program Files (x86)\Windows Kits\10\Windows Performance Toolkit\;C:\Program Files\Git\cmd;C:\Program Files\PuTTY\;C:\Program Files\Java\jdk-24\bin;C:\Program Files\nodejs\;C:\ProgramData\chocolatey\bin;C:\Users\82102\.local\bin;C:\Users\82102\AppData\Local\Programs\Microsoft VS Code\bin
USERNAME=82102
OS=Windows_NT
PROCESSOR_IDENTIFIER=Intel64 Family 6 Model 140 Stepping 1, GenuineIntel
TMP=C:\Users\82102\AppData\Local\Temp
TEMP=C:\Users\82102\AppData\Local\Temp



Periodic native trim disabled


---------------  S Y S T E M  ---------------

OS:
 Windows 11 , 64 bit Build 26100 (10.0.26100.4768)
OS uptime: 7 days 22:33 hours
Hyper-V role detected

CPU: total 8 (initial active 8) (4 cores per cpu, 2 threads per core) family 6 model 140 stepping 1 microcode 0xb4, cx8, cmov, fxsr, ht, mmx, 3dnowpref, sse, sse2, sse3, ssse3, sse4.1, sse4.2, popcnt, lzcnt, tsc, tscinvbit, avx, avx2, aes, erms, clmul, bmi1, bmi2, adx, avx512f, avx512dq, avx512cd, avx512bw, avx512vl, sha, fma, vzeroupper, avx512_vpopcntdq, avx512_vpclmulqdq, avx512_vaes, avx512_vnni, clflush, clflushopt, clwb, avx512_vbmi2, avx512_vbmi, hv
Processor Information for processor 0
  Max Mhz: 2419, Current Mhz: 2419, Mhz Limit: 2419
Processor Information for processor 1
  Max Mhz: 2419, Current Mhz: 1007, Mhz Limit: 2419
Processor Information for processor 2
  Max Mhz: 2419, Current Mhz: 2419, Mhz Limit: 2419
Processor Information for processor 3
  Max Mhz: 2419, Current Mhz: 2419, Mhz Limit: 2419
Processor Information for processor 4
  Max Mhz: 2419, Current Mhz: 1007, Mhz Limit: 2419
Processor Information for processor 5
  Max Mhz: 2419, Current Mhz: 2419, Mhz Limit: 2419
Processor Information for processor 6
  Max Mhz: 2419, Current Mhz: 1007, Mhz Limit: 2419
Processor Information for processor 7
  Max Mhz: 2419, Current Mhz: 1007, Mhz Limit: 2419

Memory: 4k page, system-wide physical 7865M (776M free)
TotalPageFile size 32441M (AvailPageFile size 24M)
current process WorkingSet (physical memory assigned to process): 227M, peak: 227M
current process commit charge ("private bytes"): 266M, peak: 280M

vm_info: OpenJDK 64-Bit Server VM (17.0.16+8) for windows-amd64 JRE (17.0.16+8), built on Jul 16 2025 10:37:56 by "admin" with MS VC++ 17.7 (VS2022)

END.
